0 info it worked if it ends with ok
1 verbose cli [ 'node', '/usr/local/bin/npm', 'install' ]
2 info using npm@1.3.5
3 info using node@v0.10.15
4 warn package.json tensiometro_backend@0.0.1 No repository field.
5 warn package.json tensiometro_backend@0.0.1 No README data
6 verbose readDependencies using package.json deps
7 verbose install where, deps [ '/Users/fbsc/Sites/tensiometro/server',
7 verbose install   [ 'express',
7 verbose install     'hogan-express',
7 verbose install     'request',
7 verbose install     'mongoose',
7 verbose install     'ejs',
7 verbose install     'cors',
7 verbose install     'crypto',
7 verbose install     'passport',
7 verbose install     'passport-local',
7 verbose install     'passport-local-mongoose',
7 verbose install     'connect-mongodb',
7 verbose install     'bcrypt-nodejs' ] ]
8 info preinstall tensiometro_backend@0.0.1
9 verbose readDependencies using package.json deps
10 verbose already installed skipping mongoose@3.5.4 /Users/fbsc/Sites/tensiometro/server
11 verbose already installed skipping ejs@* /Users/fbsc/Sites/tensiometro/server
12 verbose cache add [ 'cors@*', null ]
13 verbose cache add name=undefined spec="cors@*" args=["cors@*",null]
14 verbose parsed url { protocol: null,
14 verbose parsed url   slashes: null,
14 verbose parsed url   auth: null,
14 verbose parsed url   host: null,
14 verbose parsed url   port: null,
14 verbose parsed url   hostname: null,
14 verbose parsed url   hash: null,
14 verbose parsed url   search: null,
14 verbose parsed url   query: null,
14 verbose parsed url   pathname: 'cors@*',
14 verbose parsed url   path: 'cors@*',
14 verbose parsed url   href: 'cors@*' }
15 verbose cache add name="cors" spec="*" args=["cors","*"]
16 verbose parsed url { protocol: null,
16 verbose parsed url   slashes: null,
16 verbose parsed url   auth: null,
16 verbose parsed url   host: null,
16 verbose parsed url   port: null,
16 verbose parsed url   hostname: null,
16 verbose parsed url   hash: null,
16 verbose parsed url   search: null,
16 verbose parsed url   query: null,
16 verbose parsed url   pathname: '*',
16 verbose parsed url   path: '*',
16 verbose parsed url   href: '*' }
17 verbose addNamed [ 'cors', '*' ]
18 verbose addNamed [ null, '*' ]
19 verbose already installed skipping crypto@* /Users/fbsc/Sites/tensiometro/server
20 silly lockFile 25e847dc-cors cors@*
21 verbose lock cors@* /Users/fbsc/.npm/25e847dc-cors.lock
22 verbose already installed skipping passport@0.1.x /Users/fbsc/Sites/tensiometro/server
23 silly addNameRange { name: 'cors', range: '*', hasData: false }
24 verbose already installed skipping passport-local@0.1.x /Users/fbsc/Sites/tensiometro/server
25 verbose url raw cors
26 verbose url resolving [ 'https://registry.npmjs.org/', './cors' ]
27 verbose url resolved https://registry.npmjs.org/cors
28 info trying registry request attempt 1 at 15:20:21
29 verbose etag "CWJLV5FBSQNDLAAHNRPTYJID2"
30 http GET https://registry.npmjs.org/cors
31 verbose already installed skipping connect-mongodb@1.1.5 /Users/fbsc/Sites/tensiometro/server
32 verbose already installed skipping passport-local-mongoose@0.2.0 /Users/fbsc/Sites/tensiometro/server
33 verbose already installed skipping bcrypt-nodejs@* /Users/fbsc/Sites/tensiometro/server
34 verbose already installed skipping express@4.x /Users/fbsc/Sites/tensiometro/server
35 verbose cache add [ 'request@*', null ]
36 verbose cache add name=undefined spec="request@*" args=["request@*",null]
37 verbose parsed url { protocol: null,
37 verbose parsed url   slashes: null,
37 verbose parsed url   auth: null,
37 verbose parsed url   host: null,
37 verbose parsed url   port: null,
37 verbose parsed url   hostname: null,
37 verbose parsed url   hash: null,
37 verbose parsed url   search: null,
37 verbose parsed url   query: null,
37 verbose parsed url   pathname: 'request@*',
37 verbose parsed url   path: 'request@*',
37 verbose parsed url   href: 'request@*' }
38 verbose cache add name="request" spec="*" args=["request","*"]
39 verbose parsed url { protocol: null,
39 verbose parsed url   slashes: null,
39 verbose parsed url   auth: null,
39 verbose parsed url   host: null,
39 verbose parsed url   port: null,
39 verbose parsed url   hostname: null,
39 verbose parsed url   hash: null,
39 verbose parsed url   search: null,
39 verbose parsed url   query: null,
39 verbose parsed url   pathname: '*',
39 verbose parsed url   path: '*',
39 verbose parsed url   href: '*' }
40 verbose addNamed [ 'request', '*' ]
41 verbose addNamed [ null, '*' ]
42 silly lockFile a4c2c8dc-request request@*
43 verbose lock request@* /Users/fbsc/.npm/a4c2c8dc-request.lock
44 verbose already installed skipping hogan-express@0.3.3 /Users/fbsc/Sites/tensiometro/server
45 silly addNameRange { name: 'request', range: '*', hasData: false }
46 verbose url raw request
47 verbose url resolving [ 'https://registry.npmjs.org/', './request' ]
48 verbose url resolved https://registry.npmjs.org/request
49 info trying registry request attempt 1 at 15:20:21
50 verbose etag "BMS228U23RL3N5F182J3KP1WI"
51 http GET https://registry.npmjs.org/request
52 http 304 https://registry.npmjs.org/request
53 silly registry.get cb [ 304,
53 silly registry.get   { date: 'Fri, 20 Mar 2015 15:20:22 GMT',
53 silly registry.get     server: 'Apache',
53 silly registry.get     via: '1.1 varnish',
53 silly registry.get     'last-modified': 'Fri, 20 Mar 2015 15:20:22 GMT',
53 silly registry.get     'cache-control': 'max-age=60',
53 silly registry.get     etag: '"BMS228U23RL3N5F182J3KP1WI"',
53 silly registry.get     age: '50',
53 silly registry.get     'x-served-by': 'cache-lhr6326-LHR',
53 silly registry.get     'x-cache': 'HIT',
53 silly registry.get     'x-cache-hits': '1',
53 silly registry.get     'x-timer': 'S1426864822.088503,VS0,VE2',
53 silly registry.get     vary: 'Accept',
53 silly registry.get     'content-length': '0',
53 silly registry.get     'keep-alive': 'timeout=10, max=50',
53 silly registry.get     connection: 'Keep-Alive' } ]
54 verbose etag request from cache
55 silly addNameRange number 2 { name: 'request', range: '*', hasData: true }
56 silly addNameRange versions [ 'request',
56 silly addNameRange   [ '0.10.0',
56 silly addNameRange     '0.8.3',
56 silly addNameRange     '0.9.0',
56 silly addNameRange     '0.9.1',
56 silly addNameRange     '0.9.5',
56 silly addNameRange     '1.0.0',
56 silly addNameRange     '1.1.0',
56 silly addNameRange     '1.1.1',
56 silly addNameRange     '1.2.0',
56 silly addNameRange     '1.9.0',
56 silly addNameRange     '1.9.1',
56 silly addNameRange     '1.9.2',
56 silly addNameRange     '1.9.3',
56 silly addNameRange     '1.9.5',
56 silly addNameRange     '1.9.7',
56 silly addNameRange     '1.9.8',
56 silly addNameRange     '1.9.9',
56 silly addNameRange     '2.0.0',
56 silly addNameRange     '2.0.1',
56 silly addNameRange     '2.0.2',
56 silly addNameRange     '2.0.3',
56 silly addNameRange     '2.0.4',
56 silly addNameRange     '2.0.5',
56 silly addNameRange     '2.1.0',
56 silly addNameRange     '2.1.1',
56 silly addNameRange     '2.2.0',
56 silly addNameRange     '2.2.5',
56 silly addNameRange     '2.2.6',
56 silly addNameRange     '2.2.9',
56 silly addNameRange     '2.9.0',
56 silly addNameRange     '2.9.1',
56 silly addNameRange     '2.9.2',
56 silly addNameRange     '2.9.3',
56 silly addNameRange     '2.9.100',
56 silly addNameRange     '2.9.150',
56 silly addNameRange     '2.9.151',
56 silly addNameRange     '2.9.152',
56 silly addNameRange     '2.9.153',
56 silly addNameRange     '2.9.200',
56 silly addNameRange     '2.9.201',
56 silly addNameRange     '2.9.202',
56 silly addNameRange     '2.9.203',
56 silly addNameRange     '2.10.0',
56 silly addNameRange     '2.11.0',
56 silly addNameRange     '2.11.1',
56 silly addNameRange     '2.11.2',
56 silly addNameRange     '2.11.3',
56 silly addNameRange     '2.11.4',
56 silly addNameRange     '2.12.0',
56 silly addNameRange     '2.14.0',
56 silly addNameRange     '2.16.0',
56 silly addNameRange     '2.16.2',
56 silly addNameRange     '2.16.4',
56 silly addNameRange     '2.16.6',
56 silly addNameRange     '2.18.0',
56 silly addNameRange     '2.19.0',
56 silly addNameRange     '2.20.0',
56 silly addNameRange     '2.21.0',
56 silly addNameRange     '2.22.0',
56 silly addNameRange     '2.23.0',
56 silly addNameRange     '2.24.0',
56 silly addNameRange     '2.25.0',
56 silly addNameRange     '2.26.0',
56 silly addNameRange     '2.27.0',
56 silly addNameRange     '2.28.0',
56 silly addNameRange     '2.29.0',
56 silly addNameRange     '2.30.0',
56 silly addNameRange     '2.31.0',
56 silly addNameRange     '2.32.0',
56 silly addNameRange     '2.33.0',
56 silly addNameRange     '2.34.0',
56 silly addNameRange     '2.35.0',
56 silly addNameRange     '2.36.0',
56 silly addNameRange     '2.37.0',
56 silly addNameRange     '2.38.0',
56 silly addNameRange     '2.39.0',
56 silly addNameRange     '2.40.0',
56 silly addNameRange     '2.41.0',
56 silly addNameRange     '2.42.0',
56 silly addNameRange     '2.43.0',
56 silly addNameRange     '2.44.0',
56 silly addNameRange     '2.45.0',
56 silly addNameRange     '2.46.0',
56 silly addNameRange     '2.47.0',
56 silly addNameRange     '2.48.0',
56 silly addNameRange     '2.49.0',
56 silly addNameRange     '2.50.0',
56 silly addNameRange     '2.51.0',
56 silly addNameRange     '2.52.0',
56 silly addNameRange     '2.53.0' ] ]
57 verbose addNamed [ 'request', '2.53.0' ]
58 verbose addNamed [ '2.53.0', '2.53.0' ]
59 silly lockFile aee8052e-request-2-53-0 request@2.53.0
60 verbose lock request@2.53.0 /Users/fbsc/.npm/aee8052e-request-2-53-0.lock
61 silly lockFile aee8052e-request-2-53-0 request@2.53.0
62 silly lockFile aee8052e-request-2-53-0 request@2.53.0
63 silly lockFile a4c2c8dc-request request@*
64 silly lockFile a4c2c8dc-request request@*
65 http 304 https://registry.npmjs.org/cors
66 silly registry.get cb [ 304,
66 silly registry.get   { date: 'Fri, 20 Mar 2015 15:20:22 GMT',
66 silly registry.get     server: 'Apache',
66 silly registry.get     via: '1.1 varnish',
66 silly registry.get     'last-modified': 'Fri, 20 Mar 2015 15:20:22 GMT',
66 silly registry.get     'cache-control': 'max-age=60',
66 silly registry.get     etag: '"CWJLV5FBSQNDLAAHNRPTYJID2"',
66 silly registry.get     age: '0',
66 silly registry.get     'x-served-by': 'cache-lhr6329-LHR',
66 silly registry.get     'x-cache': 'HIT',
66 silly registry.get     'x-cache-hits': '1',
66 silly registry.get     'x-timer': 'S1426864822.089400,VS0,VE88',
66 silly registry.get     vary: 'Accept',
66 silly registry.get     'content-length': '0',
66 silly registry.get     'keep-alive': 'timeout=10, max=50',
66 silly registry.get     connection: 'Keep-Alive' } ]
67 verbose etag cors from cache
68 silly addNameRange number 2 { name: 'cors', range: '*', hasData: true }
69 silly addNameRange versions [ 'cors',
69 silly addNameRange   [ '0.0.1',
69 silly addNameRange     '0.0.2',
69 silly addNameRange     '0.0.3',
69 silly addNameRange     '0.0.4',
69 silly addNameRange     '0.0.5',
69 silly addNameRange     '0.1.0',
69 silly addNameRange     '0.1.1',
69 silly addNameRange     '1.0.0',
69 silly addNameRange     '1.0.1',
69 silly addNameRange     '2.0.0',
69 silly addNameRange     '2.1.0',
69 silly addNameRange     '2.1.1',
69 silly addNameRange     '2.2.0',
69 silly addNameRange     '2.3.0',
69 silly addNameRange     '2.3.1',
69 silly addNameRange     '2.3.2',
69 silly addNameRange     '2.4.0',
69 silly addNameRange     '2.4.1',
69 silly addNameRange     '2.4.2',
69 silly addNameRange     '2.5.0',
69 silly addNameRange     '2.5.1',
69 silly addNameRange     '2.5.2',
69 silly addNameRange     '2.5.3' ] ]
70 verbose addNamed [ 'cors', '2.5.3' ]
71 verbose addNamed [ '2.5.3', '2.5.3' ]
72 silly lockFile bebe630f-cors-2-5-3 cors@2.5.3
73 verbose lock cors@2.5.3 /Users/fbsc/.npm/bebe630f-cors-2-5-3.lock
74 silly lockFile bebe630f-cors-2-5-3 cors@2.5.3
75 silly lockFile bebe630f-cors-2-5-3 cors@2.5.3
76 silly lockFile 25e847dc-cors cors@*
77 silly lockFile 25e847dc-cors cors@*
78 silly resolved [ { name: 'request',
78 silly resolved     description: 'Simplified HTTP request client.',
78 silly resolved     tags: [ 'http', 'simple', 'util', 'utility' ],
78 silly resolved     version: '2.53.0',
78 silly resolved     author: { name: 'Mikeal Rogers', email: 'mikeal.rogers@gmail.com' },
78 silly resolved     repository: { type: 'git', url: 'https://github.com/request/request.git' },
78 silly resolved     bugs: { url: 'http://github.com/request/request/issues' },
78 silly resolved     license: 'Apache-2.0',
78 silly resolved     engines: { node: '>=0.8.0' },
78 silly resolved     main: 'index.js',
78 silly resolved     dependencies:
78 silly resolved      { bl: '~0.9.0',
78 silly resolved        caseless: '~0.9.0',
78 silly resolved        'forever-agent': '~0.5.0',
78 silly resolved        'form-data': '~0.2.0',
78 silly resolved        'json-stringify-safe': '~5.0.0',
78 silly resolved        'mime-types': '~2.0.1',
78 silly resolved        'node-uuid': '~1.4.0',
78 silly resolved        qs: '~2.3.1',
78 silly resolved        'tunnel-agent': '~0.4.0',
78 silly resolved        'tough-cookie': '>=0.12.0',
78 silly resolved        'http-signature': '~0.10.0',
78 silly resolved        'oauth-sign': '~0.6.0',
78 silly resolved        hawk: '~2.3.0',
78 silly resolved        'aws-sign2': '~0.5.0',
78 silly resolved        stringstream: '~0.0.4',
78 silly resolved        'combined-stream': '~0.0.5',
78 silly resolved        isstream: '~0.1.1' },
78 silly resolved     scripts:
78 silly resolved      { test: 'npm run lint && node node_modules/.bin/taper tests/test-*.js && npm run test-browser && npm run clean',
78 silly resolved        'test-browser': 'node tests/browser/start.js',
78 silly resolved        lint: 'node node_modules/.bin/eslint lib/ *.js tests/ && echo Lint passed.' },
78 silly resolved     devDependencies:
78 silly resolved      { browserify: '~5.9.1',
78 silly resolved        'browserify-istanbul': '~0.1.3',
78 silly resolved        coveralls: '~2.11.2',
78 silly resolved        eslint: '0.5.1',
78 silly resolved        'function-bind': '~1.0.0',
78 silly resolved        istanbul: '~0.3.2',
78 silly resolved        karma: '~0.12.21',
78 silly resolved        'karma-browserify': '~3.0.1',
78 silly resolved        'karma-cli': '0.0.4',
78 silly resolved        'karma-coverage': '0.2.6',
78 silly resolved        'karma-phantomjs-launcher': '~0.1.4',
78 silly resolved        'karma-tap': '~1.0.1',
78 silly resolved        rimraf: '~2.2.8',
78 silly resolved        'server-destroy': '~1.0.0',
78 silly resolved        tape: '~3.0.0',
78 silly resolved        taper: '~0.4.0' },
78 silly resolved     gitHead: '541ce25648bc2ecab924d7d7197a2685fa16d348',
78 silly resolved     homepage: 'https://github.com/request/request',
78 silly resolved     _id: 'request@2.53.0',
78 silly resolved     _shasum: '180a3ae92b7b639802e4f9545dd8fcdeb71d760c',
78 silly resolved     _from: 'request@*',
78 silly resolved     _npmVersion: '1.4.14',
78 silly resolved     _npmUser: { name: 'nylen', email: 'jnylen@gmail.com' },
78 silly resolved     maintainers: [ [Object], [Object], [Object] ],
78 silly resolved     dist:
78 silly resolved      { shasum: '180a3ae92b7b639802e4f9545dd8fcdeb71d760c',
78 silly resolved        tarball: 'http://registry.npmjs.org/request/-/request-2.53.0.tgz' },
78 silly resolved     directories: {},
78 silly resolved     _resolved: 'https://registry.npmjs.org/request/-/request-2.53.0.tgz',
78 silly resolved     readme: 'ERROR: No README data found!' },
78 silly resolved   { name: 'cors',
78 silly resolved     version: '2.5.3',
78 silly resolved     author:
78 silly resolved      { name: 'Troy Goode',
78 silly resolved        email: 'troygoode@gmail.com',
78 silly resolved        url: 'https://github.com/troygoode/' },
78 silly resolved     description: 'middleware for dynamically or statically enabling CORS in express/connect applications',
78 silly resolved     keywords: [ 'cors', 'express', 'connect', 'middleware' ],
78 silly resolved     homepage: 'https://github.com/troygoode/node-cors/',
78 silly resolved     repository: { type: 'git', url: 'git://github.com/troygoode/node-cors.git' },
78 silly resolved     contributors: [ [Object] ],
78 silly resolved     licenses: [ [Object] ],
78 silly resolved     bugs: { url: 'https://github.com/troygoode/node-cors/issues' },
78 silly resolved     main: './lib/index.js',
78 silly resolved     engines: { node: '>=0.10.0' },
78 silly resolved     dependencies: { vary: '^1' },
78 silly resolved     devDependencies:
78 silly resolved      { 'basic-auth-connect': '^1',
78 silly resolved        'body-parser': '^1.4.3',
78 silly resolved        express: '^4',
78 silly resolved        lint: '^1.1.2',
78 silly resolved        mocha: '^1.18.2',
78 silly resolved        should: '^3.3.1',
78 silly resolved        supertest: '^0.12' },
78 silly resolved     scripts:
78 silly resolved      { test: './node_modules/mocha/bin/mocha',
78 silly resolved        lint: './node_modules/lint/bin/node-lint lib test' },
78 silly resolved     readme: '# `cors`\n\nCORS is a node.js package for providing a [Connect](http://www.senchalabs.org/connect/)/[Express](http://expressjs.com/) middleware that can be used to enable [CORS](http://en.wikipedia.org/wiki/Cross-origin_resource_sharing) with various options.\n\n**[Follow me (@troygoode) on Twitter!](https://twitter.com/intent/user?screen_name=troygoode)**\n\n[![NPM](https://nodei.co/npm/cors.png?downloads=true&stars=true)](https://nodei.co/npm/cors/)\n\n[![build status](https://secure.travis-ci.org/troygoode/node-cors.png)](http://travis-ci.org/troygoode/node-cors)\n* [Installation](#installation)\n* [Usage](#usage)\n  * [Simple Usage](#simple-usage-enable-all-cors-requests)\n  * [Enable CORS for a Single Route](#enable-cors-for-a-single-route)\n  * [Configuring CORS](#configuring-cors)\n  * [Configuring CORS Asynchronously](#configuring-cors-asynchronously)\n  * [Enabling CORS Pre-Flight](#enabling-cors-pre-flight)\n* [Configuration Options](#configuration-options)\n* [Demo](#demo)\n* [License](#license)\n* [Author](#author)\n\n## Installation (via [npm](https://npmjs.org/package/cors))\n\n```bash\n$ npm install cors\n```\n\n## Usage\n\n### Simple Usage (Enable *All* CORS Requests)\n\n```javascript\nvar express = require(\'express\')\n  , cors = require(\'cors\')\n  , app = express();\n\napp.use(cors());\n\napp.get(\'/products/:id\', function(req, res, next){\n  res.json({msg: \'This is CORS-enabled for all origins!\'});\n});\n\napp.listen(80, function(){\n  console.log(\'CORS-enabled web server listening on port 80\');\n});\n```\n\n### Enable CORS for a Single Route\n\n```javascript\nvar express = require(\'express\')\n  , cors = require(\'cors\')\n  , app = express();\n\napp.get(\'/products/:id\', cors(), function(req, res, next){\n  res.json({msg: \'This is CORS-enabled for all origins!\'});\n});\n\napp.listen(80, function(){\n  console.log(\'CORS-enabled web server listening on port 80\');\n});\n```\n\n### Configuring CORS\n\n```javascript\nvar express = require(\'express\')\n  , cors = require(\'cors\')\n  , app = express();\n\nvar corsOptions = {\n  origin: \'http://example.com\'\n};\n\napp.get(\'/products/:id\', cors(corsOptions), function(req, res, next){\n  res.json({msg: \'This is CORS-enabled for only example.com.\'});\n});\n\napp.listen(80, function(){\n  console.log(\'CORS-enabled web server listening on port 80\');\n});\n```\n\n### Configuring CORS w/ Dynamic Origin\n\n```javascript\nvar express = require(\'express\')\n  , cors = require(\'cors\')\n  , app = express();\n\nvar whitelist = [\'http://example1.com\', \'http://example2.com\'];\nvar corsOptions = {\n  origin: function(origin, callback){\n    var originIsWhitelisted = whitelist.indexOf(origin) !== -1;\n    callback(null, originIsWhitelisted);\n  }\n};\n\napp.get(\'/products/:id\', cors(corsOptions), function(req, res, next){\n  res.json({msg: \'This is CORS-enabled for a whitelisted domain.\'});\n});\n\napp.listen(80, function(){\n  console.log(\'CORS-enabled web server listening on port 80\');\n});\n```\n\n### Enabling CORS Pre-Flight\n\nCertain CORS requests are considered \'complex\' and require an initial\n`OPTIONS` request (called the "pre-flight request"). An example of a\n\'complex\' CORS request is one that uses an HTTP verb other than\nGET/HEAD/POST (such as DELETE) or that uses custom headers. To enable\npre-flighting, you must add a new OPTIONS handler for the route you want\nto support:\n\n```javascript\nvar express = require(\'express\')\n  , cors = require(\'cors\')\n  , app = express();\n\napp.options(\'/products/:id\', cors()); // enable pre-flight request for DELETE request\napp.del(\'/products/:id\', cors(), function(req, res, next){\n  res.json({msg: \'This is CORS-enabled for all origins!\'});\n});\n\napp.listen(80, function(){\n  console.log(\'CORS-enabled web server listening on port 80\');\n});\n```\n\nYou can also enable pre-flight across-the-board like so:\n\n```\napp.options(\'*\', cors()); // include before other routes\n```\n\n### Configuring CORS Asynchronously\n\n```javascript\nvar express = require(\'express\')\n  , cors = require(\'cors\')\n  , app = express();\n\nvar whitelist = [\'http://example1.com\', \'http://example2.com\'];\nvar corsOptionsDelegate = function(req, callback){\n  var corsOptions;\n  if(whitelist.indexOf(req.header(\'Origin\')) !== -1){\n    corsOptions = { origin: true }; // reflect (enable) the requested origin in the CORS response\n  }else{\n    corsOptions = { origin: false }; // disable CORS for this request\n  }\n  callback(null, corsOptions); // callback expects two parameters: error and options\n};\n\napp.get(\'/products/:id\', cors(corsOptionsDelegate), function(req, res, next){\n  res.json({msg: \'This is CORS-enabled for a whitelisted domain.\'});\n});\n\napp.listen(80, function(){\n  console.log(\'CORS-enabled web server listening on port 80\');\n});\n```\n\n## Configuration Options\n\n* `origin`: Configures the **Access-Control-Allow-Origin** CORS header. Expects a string (ex: "http://example.com"). Set to `true` to reflect the [request origin](http://tools.ietf.org/html/draft-abarth-origin-09), as defined by `req.header(\'Origin\')`. Set to `false` to disable CORS. Can also be set to a function, which takes the request origin as the first parameter and a callback (which expects the signature `err [object], allow [bool]`) as the second.\n* `methods`: Configures the **Access-Control-Allow-Methods** CORS header. Expects a comma-delimited string (ex: \'GET,PUT,POST\') or an array (ex: `[\'GET\', \'PUT\', \'POST\']`).\n* `allowedHeaders`: Configures the **Access-Control-Allow-Headers** CORS header. Expects a comma-delimited string (ex: \'Content-Type,Authorization\') or an array (ex: `[\'Content-Type\', \'Authorization]`). If not specified, defaults to reflecting the headers specified in the request\'s **Access-Control-Request-Headers** header.\n* `exposedHeaders`: Configures the **Access-Control-Expose-Headers** CORS header. Expects a comma-delimited string (ex: \'Content-Range,X-Content-Range\') or an array (ex: `[\'Content-Range\', \'X-Content-Range]`). If not specified, no custom headers are exposed.\n* `credentials`: Configures the **Access-Control-Allow-Credentials** CORS header. Set to `true` to pass the header, otherwise it is omitted.\n* `maxAge`: Configures the **Access-Control-Allow-Max-Age** CORS header. Set to an integer to pass the header, otherwise it is omitted.\n\nFor details on the effect of each CORS header, [read this article on HTML5 Rocks](http://www.html5rocks.com/en/tutorials/cors/).\n\n## Demo\n\nA demo that illustrates CORS working (and not working) using jQuery is available here: [http://node-cors-client.herokuapp.com/](http://node-cors-client.herokuapp.com/)\n\nCode for that demo can be found here:\n\n* Client: [https://github.com/TroyGoode/node-cors-client](https://github.com/TroyGoode/node-cors-client)\n* Server: [https://github.com/TroyGoode/node-cors-server](https://github.com/TroyGoode/node-cors-server)\n\n## License\n\n[MIT License](http://www.opensource.org/licenses/mit-license.php)\n\n## Author\n\n[Troy Goode](https://github.com/TroyGoode) ([troygoode@gmail.com](mailto:troygoode@gmail.com))\n',
78 silly resolved     readmeFilename: 'README.md',
78 silly resolved     _id: 'cors@2.5.3',
78 silly resolved     _from: 'cors@*' } ]
79 info install request@2.53.0 into /Users/fbsc/Sites/tensiometro/server
80 info install cors@2.5.3 into /Users/fbsc/Sites/tensiometro/server
81 info installOne request@2.53.0
82 info installOne cors@2.5.3
83 info /Users/fbsc/Sites/tensiometro/server/node_modules/cors unbuild
84 info /Users/fbsc/Sites/tensiometro/server/node_modules/request unbuild
85 verbose tar unpack /Users/fbsc/.npm/cors/2.5.3/package.tgz
86 silly lockFile a051bb49-iometro-server-node-modules-cors tar:///Users/fbsc/Sites/tensiometro/server/node_modules/cors
87 verbose lock tar:///Users/fbsc/Sites/tensiometro/server/node_modules/cors /Users/fbsc/.npm/a051bb49-iometro-server-node-modules-cors.lock
88 silly lockFile fa447ea1--fbsc-npm-cors-2-5-3-package-tgz tar:///Users/fbsc/.npm/cors/2.5.3/package.tgz
89 verbose lock tar:///Users/fbsc/.npm/cors/2.5.3/package.tgz /Users/fbsc/.npm/fa447ea1--fbsc-npm-cors-2-5-3-package-tgz.lock
90 silly gunzTarPerm modes [ '755', '644' ]
91 silly gunzTarPerm extractEntry package.json
92 silly gunzTarPerm extractEntry .npmignore
93 silly gunzTarPerm extractEntry README.md
94 silly gunzTarPerm extractEntry LICENSE
95 silly gunzTarPerm extractEntry .travis.yml
96 silly gunzTarPerm extractEntry CONTRIBUTING.md
97 silly gunzTarPerm extractEntry lib/index.js
98 verbose tar unpack /Users/fbsc/.npm/request/2.53.0/package.tgz
99 silly lockFile 699e98aa-etro-server-node-modules-request tar:///Users/fbsc/Sites/tensiometro/server/node_modules/request
100 verbose lock tar:///Users/fbsc/Sites/tensiometro/server/node_modules/request /Users/fbsc/.npm/699e98aa-etro-server-node-modules-request.lock
101 silly lockFile 7006c50b-c-npm-request-2-53-0-package-tgz tar:///Users/fbsc/.npm/request/2.53.0/package.tgz
102 verbose lock tar:///Users/fbsc/.npm/request/2.53.0/package.tgz /Users/fbsc/.npm/7006c50b-c-npm-request-2-53-0-package-tgz.lock
103 silly gunzTarPerm modes [ '755', '644' ]
104 silly gunzTarPerm extractEntry package.json
105 silly gunzTarPerm extractEntry .npmignore
106 silly gunzTarPerm extractEntry README.md
107 silly gunzTarPerm extractEntry test/basic-auth.js
108 silly gunzTarPerm extractEntry LICENSE
109 silly gunzTarPerm extractEntry test/body-events.js
110 silly gunzTarPerm extractEntry test/cors.js
111 silly gunzTarPerm extractEntry test/error-response.js
112 silly gunzTarPerm extractEntry test/example-app.js
113 silly gunzTarPerm extractEntry request.js
114 silly gunzTarPerm extractEntry index.js
115 silly gunzTarPerm extractEntry test/issue-2.js
116 silly gunzTarPerm extractEntry test/issue-31.js
117 silly gunzTarPerm extractEntry test/mocha.opts
118 silly gunzTarPerm extractEntry .travis.yml
119 silly gunzTarPerm extractEntry CHANGELOG.md
120 silly gunzTarPerm extractEntry examples/README.md
121 silly gunzTarPerm extractEntry CONTRIBUTING.md
122 silly lockFile a051bb49-iometro-server-node-modules-cors tar:///Users/fbsc/Sites/tensiometro/server/node_modules/cors
123 silly lockFile a051bb49-iometro-server-node-modules-cors tar:///Users/fbsc/Sites/tensiometro/server/node_modules/cors
124 silly lockFile fa447ea1--fbsc-npm-cors-2-5-3-package-tgz tar:///Users/fbsc/.npm/cors/2.5.3/package.tgz
125 silly lockFile fa447ea1--fbsc-npm-cors-2-5-3-package-tgz tar:///Users/fbsc/.npm/cors/2.5.3/package.tgz
126 info preinstall cors@2.5.3
127 verbose readDependencies using package.json deps
128 verbose readDependencies using package.json deps
129 silly gunzTarPerm extractEntry lib/auth.js
130 silly gunzTarPerm extractEntry lib/cookies.js
131 verbose cache add [ 'vary@^1', null ]
132 verbose cache add name=undefined spec="vary@^1" args=["vary@^1",null]
133 verbose parsed url { protocol: null,
133 verbose parsed url   slashes: null,
133 verbose parsed url   auth: null,
133 verbose parsed url   host: null,
133 verbose parsed url   port: null,
133 verbose parsed url   hostname: null,
133 verbose parsed url   hash: null,
133 verbose parsed url   search: null,
133 verbose parsed url   query: null,
133 verbose parsed url   pathname: 'vary@^1',
133 verbose parsed url   path: 'vary@^1',
133 verbose parsed url   href: 'vary@^1' }
134 verbose cache add name="vary" spec="^1" args=["vary","^1"]
135 verbose parsed url { protocol: null,
135 verbose parsed url   slashes: null,
135 verbose parsed url   auth: null,
135 verbose parsed url   host: null,
135 verbose parsed url   port: null,
135 verbose parsed url   hostname: null,
135 verbose parsed url   hash: null,
135 verbose parsed url   search: null,
135 verbose parsed url   query: null,
135 verbose parsed url   pathname: '^1',
135 verbose parsed url   path: '^1',
135 verbose parsed url   href: '^1' }
136 verbose addNamed [ 'vary', '^1' ]
137 verbose addNamed [ null, null ]
138 silly lockFile 78aa9a33-vary-1 vary@^1
139 verbose lock vary@^1 /Users/fbsc/.npm/78aa9a33-vary-1.lock
140 info addNameTag [ 'vary', '^1' ]
141 verbose url raw vary
142 verbose url resolving [ 'https://registry.npmjs.org/', './vary' ]
143 verbose url resolved https://registry.npmjs.org/vary
144 info trying registry request attempt 1 at 15:20:22
145 verbose etag "82C8BQ32VW3XZ8BHZ48ACKMY0"
146 http GET https://registry.npmjs.org/vary
147 silly gunzTarPerm extractEntry lib/copy.js
148 silly gunzTarPerm extractEntry lib/getProxyFromURI.js
149 silly gunzTarPerm extractEntry lib/helpers.js
150 silly gunzTarPerm extractEntry lib/oauth.js
151 silly gunzTarPerm extractEntry release.sh
152 silly gunzTarPerm extractEntry .eslintrc
153 silly gunzTarPerm extractEntry disabled.appveyor.yml
154 silly lockFile 699e98aa-etro-server-node-modules-request tar:///Users/fbsc/Sites/tensiometro/server/node_modules/request
155 silly lockFile 699e98aa-etro-server-node-modules-request tar:///Users/fbsc/Sites/tensiometro/server/node_modules/request
156 silly lockFile 7006c50b-c-npm-request-2-53-0-package-tgz tar:///Users/fbsc/.npm/request/2.53.0/package.tgz
157 silly lockFile 7006c50b-c-npm-request-2-53-0-package-tgz tar:///Users/fbsc/.npm/request/2.53.0/package.tgz
158 info preinstall request@2.53.0
159 verbose readDependencies using package.json deps
160 verbose readDependencies using package.json deps
161 verbose cache add [ 'forever-agent@~0.5.0', null ]
162 verbose cache add name=undefined spec="forever-agent@~0.5.0" args=["forever-agent@~0.5.0",null]
163 verbose parsed url { protocol: null,
163 verbose parsed url   slashes: null,
163 verbose parsed url   auth: null,
163 verbose parsed url   host: null,
163 verbose parsed url   port: null,
163 verbose parsed url   hostname: null,
163 verbose parsed url   hash: null,
163 verbose parsed url   search: null,
163 verbose parsed url   query: null,
163 verbose parsed url   pathname: 'forever-agent@~0.5.0',
163 verbose parsed url   path: 'forever-agent@~0.5.0',
163 verbose parsed url   href: 'forever-agent@~0.5.0' }
164 verbose cache add name="forever-agent" spec="~0.5.0" args=["forever-agent","~0.5.0"]
165 verbose parsed url { protocol: null,
165 verbose parsed url   slashes: null,
165 verbose parsed url   auth: null,
165 verbose parsed url   host: null,
165 verbose parsed url   port: null,
165 verbose parsed url   hostname: null,
165 verbose parsed url   hash: null,
165 verbose parsed url   search: null,
165 verbose parsed url   query: null,
165 verbose parsed url   pathname: '~0.5.0',
165 verbose parsed url   path: '~0.5.0',
165 verbose parsed url   href: '~0.5.0' }
166 verbose addNamed [ 'forever-agent', '~0.5.0' ]
167 verbose addNamed [ null, '>=0.5.0-0 <0.6.0-0' ]
168 silly lockFile fa463915-forever-agent-0-5-0 forever-agent@~0.5.0
169 verbose lock forever-agent@~0.5.0 /Users/fbsc/.npm/fa463915-forever-agent-0-5-0.lock
170 verbose cache add [ 'form-data@~0.2.0', null ]
171 verbose cache add name=undefined spec="form-data@~0.2.0" args=["form-data@~0.2.0",null]
172 verbose parsed url { protocol: null,
172 verbose parsed url   slashes: null,
172 verbose parsed url   auth: null,
172 verbose parsed url   host: null,
172 verbose parsed url   port: null,
172 verbose parsed url   hostname: null,
172 verbose parsed url   hash: null,
172 verbose parsed url   search: null,
172 verbose parsed url   query: null,
172 verbose parsed url   pathname: 'form-data@~0.2.0',
172 verbose parsed url   path: 'form-data@~0.2.0',
172 verbose parsed url   href: 'form-data@~0.2.0' }
173 verbose cache add name="form-data" spec="~0.2.0" args=["form-data","~0.2.0"]
174 verbose parsed url { protocol: null,
174 verbose parsed url   slashes: null,
174 verbose parsed url   auth: null,
174 verbose parsed url   host: null,
174 verbose parsed url   port: null,
174 verbose parsed url   hostname: null,
174 verbose parsed url   hash: null,
174 verbose parsed url   search: null,
174 verbose parsed url   query: null,
174 verbose parsed url   pathname: '~0.2.0',
174 verbose parsed url   path: '~0.2.0',
174 verbose parsed url   href: '~0.2.0' }
175 verbose addNamed [ 'form-data', '~0.2.0' ]
176 verbose addNamed [ null, '>=0.2.0-0 <0.3.0-0' ]
177 silly lockFile 689cc5af-form-data-0-2-0 form-data@~0.2.0
178 verbose lock form-data@~0.2.0 /Users/fbsc/.npm/689cc5af-form-data-0-2-0.lock
179 verbose cache add [ 'json-stringify-safe@~5.0.0', null ]
180 verbose cache add name=undefined spec="json-stringify-safe@~5.0.0" args=["json-stringify-safe@~5.0.0",null]
181 verbose parsed url { protocol: null,
181 verbose parsed url   slashes: null,
181 verbose parsed url   auth: null,
181 verbose parsed url   host: null,
181 verbose parsed url   port: null,
181 verbose parsed url   hostname: null,
181 verbose parsed url   hash: null,
181 verbose parsed url   search: null,
181 verbose parsed url   query: null,
181 verbose parsed url   pathname: 'json-stringify-safe@~5.0.0',
181 verbose parsed url   path: 'json-stringify-safe@~5.0.0',
181 verbose parsed url   href: 'json-stringify-safe@~5.0.0' }
182 verbose cache add name="json-stringify-safe" spec="~5.0.0" args=["json-stringify-safe","~5.0.0"]
183 verbose parsed url { protocol: null,
183 verbose parsed url   slashes: null,
183 verbose parsed url   auth: null,
183 verbose parsed url   host: null,
183 verbose parsed url   port: null,
183 verbose parsed url   hostname: null,
183 verbose parsed url   hash: null,
183 verbose parsed url   search: null,
183 verbose parsed url   query: null,
183 verbose parsed url   pathname: '~5.0.0',
183 verbose parsed url   path: '~5.0.0',
183 verbose parsed url   href: '~5.0.0' }
184 verbose addNamed [ 'json-stringify-safe', '~5.0.0' ]
185 verbose addNamed [ null, '>=5.0.0-0 <5.1.0-0' ]
186 silly lockFile 063b1a01-json-stringify-safe-5-0-0 json-stringify-safe@~5.0.0
187 verbose lock json-stringify-safe@~5.0.0 /Users/fbsc/.npm/063b1a01-json-stringify-safe-5-0-0.lock
188 verbose cache add [ 'mime-types@~2.0.1', null ]
189 verbose cache add name=undefined spec="mime-types@~2.0.1" args=["mime-types@~2.0.1",null]
190 verbose parsed url { protocol: null,
190 verbose parsed url   slashes: null,
190 verbose parsed url   auth: null,
190 verbose parsed url   host: null,
190 verbose parsed url   port: null,
190 verbose parsed url   hostname: null,
190 verbose parsed url   hash: null,
190 verbose parsed url   search: null,
190 verbose parsed url   query: null,
190 verbose parsed url   pathname: 'mime-types@~2.0.1',
190 verbose parsed url   path: 'mime-types@~2.0.1',
190 verbose parsed url   href: 'mime-types@~2.0.1' }
191 verbose cache add name="mime-types" spec="~2.0.1" args=["mime-types","~2.0.1"]
192 verbose parsed url { protocol: null,
192 verbose parsed url   slashes: null,
192 verbose parsed url   auth: null,
192 verbose parsed url   host: null,
192 verbose parsed url   port: null,
192 verbose parsed url   hostname: null,
192 verbose parsed url   hash: null,
192 verbose parsed url   search: null,
192 verbose parsed url   query: null,
192 verbose parsed url   pathname: '~2.0.1',
192 verbose parsed url   path: '~2.0.1',
192 verbose parsed url   href: '~2.0.1' }
193 verbose addNamed [ 'mime-types', '~2.0.1' ]
194 verbose addNamed [ null, '>=2.0.1-0 <2.1.0-0' ]
195 silly lockFile 4c7ffcb0-mime-types-2-0-1 mime-types@~2.0.1
196 verbose lock mime-types@~2.0.1 /Users/fbsc/.npm/4c7ffcb0-mime-types-2-0-1.lock
197 verbose cache add [ 'node-uuid@~1.4.0', null ]
198 verbose cache add name=undefined spec="node-uuid@~1.4.0" args=["node-uuid@~1.4.0",null]
199 verbose parsed url { protocol: null,
199 verbose parsed url   slashes: null,
199 verbose parsed url   auth: null,
199 verbose parsed url   host: null,
199 verbose parsed url   port: null,
199 verbose parsed url   hostname: null,
199 verbose parsed url   hash: null,
199 verbose parsed url   search: null,
199 verbose parsed url   query: null,
199 verbose parsed url   pathname: 'node-uuid@~1.4.0',
199 verbose parsed url   path: 'node-uuid@~1.4.0',
199 verbose parsed url   href: 'node-uuid@~1.4.0' }
200 verbose cache add name="node-uuid" spec="~1.4.0" args=["node-uuid","~1.4.0"]
201 verbose parsed url { protocol: null,
201 verbose parsed url   slashes: null,
201 verbose parsed url   auth: null,
201 verbose parsed url   host: null,
201 verbose parsed url   port: null,
201 verbose parsed url   hostname: null,
201 verbose parsed url   hash: null,
201 verbose parsed url   search: null,
201 verbose parsed url   query: null,
201 verbose parsed url   pathname: '~1.4.0',
201 verbose parsed url   path: '~1.4.0',
201 verbose parsed url   href: '~1.4.0' }
202 verbose addNamed [ 'node-uuid', '~1.4.0' ]
203 verbose addNamed [ null, '>=1.4.0-0 <1.5.0-0' ]
204 silly lockFile f662725f-node-uuid-1-4-0 node-uuid@~1.4.0
205 verbose lock node-uuid@~1.4.0 /Users/fbsc/.npm/f662725f-node-uuid-1-4-0.lock
206 verbose cache add [ 'qs@~2.3.1', null ]
207 verbose cache add name=undefined spec="qs@~2.3.1" args=["qs@~2.3.1",null]
208 verbose parsed url { protocol: null,
208 verbose parsed url   slashes: null,
208 verbose parsed url   auth: null,
208 verbose parsed url   host: null,
208 verbose parsed url   port: null,
208 verbose parsed url   hostname: null,
208 verbose parsed url   hash: null,
208 verbose parsed url   search: null,
208 verbose parsed url   query: null,
208 verbose parsed url   pathname: 'qs@~2.3.1',
208 verbose parsed url   path: 'qs@~2.3.1',
208 verbose parsed url   href: 'qs@~2.3.1' }
209 verbose cache add name="qs" spec="~2.3.1" args=["qs","~2.3.1"]
210 verbose parsed url { protocol: null,
210 verbose parsed url   slashes: null,
210 verbose parsed url   auth: null,
210 verbose parsed url   host: null,
210 verbose parsed url   port: null,
210 verbose parsed url   hostname: null,
210 verbose parsed url   hash: null,
210 verbose parsed url   search: null,
210 verbose parsed url   query: null,
210 verbose parsed url   pathname: '~2.3.1',
210 verbose parsed url   path: '~2.3.1',
210 verbose parsed url   href: '~2.3.1' }
211 verbose addNamed [ 'qs', '~2.3.1' ]
212 verbose addNamed [ null, '>=2.3.1-0 <2.4.0-0' ]
213 silly lockFile 9b3fa97b-qs-2-3-1 qs@~2.3.1
214 verbose lock qs@~2.3.1 /Users/fbsc/.npm/9b3fa97b-qs-2-3-1.lock
215 verbose cache add [ 'tunnel-agent@~0.4.0', null ]
216 verbose cache add name=undefined spec="tunnel-agent@~0.4.0" args=["tunnel-agent@~0.4.0",null]
217 verbose parsed url { protocol: null,
217 verbose parsed url   slashes: null,
217 verbose parsed url   auth: null,
217 verbose parsed url   host: null,
217 verbose parsed url   port: null,
217 verbose parsed url   hostname: null,
217 verbose parsed url   hash: null,
217 verbose parsed url   search: null,
217 verbose parsed url   query: null,
217 verbose parsed url   pathname: 'tunnel-agent@~0.4.0',
217 verbose parsed url   path: 'tunnel-agent@~0.4.0',
217 verbose parsed url   href: 'tunnel-agent@~0.4.0' }
218 verbose cache add name="tunnel-agent" spec="~0.4.0" args=["tunnel-agent","~0.4.0"]
219 verbose parsed url { protocol: null,
219 verbose parsed url   slashes: null,
219 verbose parsed url   auth: null,
219 verbose parsed url   host: null,
219 verbose parsed url   port: null,
219 verbose parsed url   hostname: null,
219 verbose parsed url   hash: null,
219 verbose parsed url   search: null,
219 verbose parsed url   query: null,
219 verbose parsed url   pathname: '~0.4.0',
219 verbose parsed url   path: '~0.4.0',
219 verbose parsed url   href: '~0.4.0' }
220 verbose addNamed [ 'tunnel-agent', '~0.4.0' ]
221 verbose addNamed [ null, '>=0.4.0-0 <0.5.0-0' ]
222 silly lockFile 2550750e-tunnel-agent-0-4-0 tunnel-agent@~0.4.0
223 verbose lock tunnel-agent@~0.4.0 /Users/fbsc/.npm/2550750e-tunnel-agent-0-4-0.lock
224 silly addNameRange { name: 'forever-agent',
224 silly addNameRange   range: '>=0.5.0-0 <0.6.0-0',
224 silly addNameRange   hasData: false }
225 silly addNameRange { name: 'form-data',
225 silly addNameRange   range: '>=0.2.0-0 <0.3.0-0',
225 silly addNameRange   hasData: false }
226 verbose cache add [ 'tough-cookie@>=0.12.0', null ]
227 verbose cache add name=undefined spec="tough-cookie@>=0.12.0" args=["tough-cookie@>=0.12.0",null]
228 verbose parsed url { protocol: null,
228 verbose parsed url   slashes: null,
228 verbose parsed url   auth: null,
228 verbose parsed url   host: null,
228 verbose parsed url   port: null,
228 verbose parsed url   hostname: null,
228 verbose parsed url   hash: null,
228 verbose parsed url   search: null,
228 verbose parsed url   query: null,
228 verbose parsed url   pathname: 'tough-cookie@%3E=0.12.0',
228 verbose parsed url   path: 'tough-cookie@%3E=0.12.0',
228 verbose parsed url   href: 'tough-cookie@%3E=0.12.0' }
229 verbose cache add name="tough-cookie" spec=">=0.12.0" args=["tough-cookie",">=0.12.0"]
230 verbose parsed url { protocol: null,
230 verbose parsed url   slashes: null,
230 verbose parsed url   auth: null,
230 verbose parsed url   host: null,
230 verbose parsed url   port: null,
230 verbose parsed url   hostname: null,
230 verbose parsed url   hash: null,
230 verbose parsed url   search: null,
230 verbose parsed url   query: null,
230 verbose parsed url   pathname: '%3E=0.12.0',
230 verbose parsed url   path: '%3E=0.12.0',
230 verbose parsed url   href: '%3E=0.12.0' }
231 verbose addNamed [ 'tough-cookie', '>=0.12.0' ]
232 verbose addNamed [ null, '>=0.12.0' ]
233 silly lockFile 66c18ba7-tough-cookie-0-12-0 tough-cookie@>=0.12.0
234 verbose lock tough-cookie@>=0.12.0 /Users/fbsc/.npm/66c18ba7-tough-cookie-0-12-0.lock
235 verbose cache add [ 'http-signature@~0.10.0', null ]
236 verbose cache add name=undefined spec="http-signature@~0.10.0" args=["http-signature@~0.10.0",null]
237 verbose parsed url { protocol: null,
237 verbose parsed url   slashes: null,
237 verbose parsed url   auth: null,
237 verbose parsed url   host: null,
237 verbose parsed url   port: null,
237 verbose parsed url   hostname: null,
237 verbose parsed url   hash: null,
237 verbose parsed url   search: null,
237 verbose parsed url   query: null,
237 verbose parsed url   pathname: 'http-signature@~0.10.0',
237 verbose parsed url   path: 'http-signature@~0.10.0',
237 verbose parsed url   href: 'http-signature@~0.10.0' }
238 verbose cache add name="http-signature" spec="~0.10.0" args=["http-signature","~0.10.0"]
239 verbose parsed url { protocol: null,
239 verbose parsed url   slashes: null,
239 verbose parsed url   auth: null,
239 verbose parsed url   host: null,
239 verbose parsed url   port: null,
239 verbose parsed url   hostname: null,
239 verbose parsed url   hash: null,
239 verbose parsed url   search: null,
239 verbose parsed url   query: null,
239 verbose parsed url   pathname: '~0.10.0',
239 verbose parsed url   path: '~0.10.0',
239 verbose parsed url   href: '~0.10.0' }
240 verbose addNamed [ 'http-signature', '~0.10.0' ]
241 verbose addNamed [ null, '>=0.10.0-0 <0.11.0-0' ]
242 silly lockFile 8170f292-http-signature-0-10-0 http-signature@~0.10.0
243 verbose lock http-signature@~0.10.0 /Users/fbsc/.npm/8170f292-http-signature-0-10-0.lock
244 verbose cache add [ 'oauth-sign@~0.6.0', null ]
245 verbose cache add name=undefined spec="oauth-sign@~0.6.0" args=["oauth-sign@~0.6.0",null]
246 verbose parsed url { protocol: null,
246 verbose parsed url   slashes: null,
246 verbose parsed url   auth: null,
246 verbose parsed url   host: null,
246 verbose parsed url   port: null,
246 verbose parsed url   hostname: null,
246 verbose parsed url   hash: null,
246 verbose parsed url   search: null,
246 verbose parsed url   query: null,
246 verbose parsed url   pathname: 'oauth-sign@~0.6.0',
246 verbose parsed url   path: 'oauth-sign@~0.6.0',
246 verbose parsed url   href: 'oauth-sign@~0.6.0' }
247 verbose cache add name="oauth-sign" spec="~0.6.0" args=["oauth-sign","~0.6.0"]
248 verbose parsed url { protocol: null,
248 verbose parsed url   slashes: null,
248 verbose parsed url   auth: null,
248 verbose parsed url   host: null,
248 verbose parsed url   port: null,
248 verbose parsed url   hostname: null,
248 verbose parsed url   hash: null,
248 verbose parsed url   search: null,
248 verbose parsed url   query: null,
248 verbose parsed url   pathname: '~0.6.0',
248 verbose parsed url   path: '~0.6.0',
248 verbose parsed url   href: '~0.6.0' }
249 verbose addNamed [ 'oauth-sign', '~0.6.0' ]
250 verbose addNamed [ null, '>=0.6.0-0 <0.7.0-0' ]
251 silly lockFile b79526de-oauth-sign-0-6-0 oauth-sign@~0.6.0
252 verbose lock oauth-sign@~0.6.0 /Users/fbsc/.npm/b79526de-oauth-sign-0-6-0.lock
253 verbose cache add [ 'hawk@~2.3.0', null ]
254 verbose cache add name=undefined spec="hawk@~2.3.0" args=["hawk@~2.3.0",null]
255 verbose parsed url { protocol: null,
255 verbose parsed url   slashes: null,
255 verbose parsed url   auth: null,
255 verbose parsed url   host: null,
255 verbose parsed url   port: null,
255 verbose parsed url   hostname: null,
255 verbose parsed url   hash: null,
255 verbose parsed url   search: null,
255 verbose parsed url   query: null,
255 verbose parsed url   pathname: 'hawk@~2.3.0',
255 verbose parsed url   path: 'hawk@~2.3.0',
255 verbose parsed url   href: 'hawk@~2.3.0' }
256 verbose cache add name="hawk" spec="~2.3.0" args=["hawk","~2.3.0"]
257 verbose parsed url { protocol: null,
257 verbose parsed url   slashes: null,
257 verbose parsed url   auth: null,
257 verbose parsed url   host: null,
257 verbose parsed url   port: null,
257 verbose parsed url   hostname: null,
257 verbose parsed url   hash: null,
257 verbose parsed url   search: null,
257 verbose parsed url   query: null,
257 verbose parsed url   pathname: '~2.3.0',
257 verbose parsed url   path: '~2.3.0',
257 verbose parsed url   href: '~2.3.0' }
258 verbose addNamed [ 'hawk', '~2.3.0' ]
259 verbose addNamed [ null, '>=2.3.0-0 <2.4.0-0' ]
260 silly lockFile 05419982-hawk-2-3-0 hawk@~2.3.0
261 verbose lock hawk@~2.3.0 /Users/fbsc/.npm/05419982-hawk-2-3-0.lock
262 verbose cache add [ 'aws-sign2@~0.5.0', null ]
263 verbose cache add name=undefined spec="aws-sign2@~0.5.0" args=["aws-sign2@~0.5.0",null]
264 verbose parsed url { protocol: null,
264 verbose parsed url   slashes: null,
264 verbose parsed url   auth: null,
264 verbose parsed url   host: null,
264 verbose parsed url   port: null,
264 verbose parsed url   hostname: null,
264 verbose parsed url   hash: null,
264 verbose parsed url   search: null,
264 verbose parsed url   query: null,
264 verbose parsed url   pathname: 'aws-sign2@~0.5.0',
264 verbose parsed url   path: 'aws-sign2@~0.5.0',
264 verbose parsed url   href: 'aws-sign2@~0.5.0' }
265 verbose cache add name="aws-sign2" spec="~0.5.0" args=["aws-sign2","~0.5.0"]
266 verbose parsed url { protocol: null,
266 verbose parsed url   slashes: null,
266 verbose parsed url   auth: null,
266 verbose parsed url   host: null,
266 verbose parsed url   port: null,
266 verbose parsed url   hostname: null,
266 verbose parsed url   hash: null,
266 verbose parsed url   search: null,
266 verbose parsed url   query: null,
266 verbose parsed url   pathname: '~0.5.0',
266 verbose parsed url   path: '~0.5.0',
266 verbose parsed url   href: '~0.5.0' }
267 verbose addNamed [ 'aws-sign2', '~0.5.0' ]
268 verbose addNamed [ null, '>=0.5.0-0 <0.6.0-0' ]
269 silly lockFile 82387911-aws-sign2-0-5-0 aws-sign2@~0.5.0
270 verbose lock aws-sign2@~0.5.0 /Users/fbsc/.npm/82387911-aws-sign2-0-5-0.lock
271 verbose cache add [ 'stringstream@~0.0.4', null ]
272 verbose cache add name=undefined spec="stringstream@~0.0.4" args=["stringstream@~0.0.4",null]
273 verbose parsed url { protocol: null,
273 verbose parsed url   slashes: null,
273 verbose parsed url   auth: null,
273 verbose parsed url   host: null,
273 verbose parsed url   port: null,
273 verbose parsed url   hostname: null,
273 verbose parsed url   hash: null,
273 verbose parsed url   search: null,
273 verbose parsed url   query: null,
273 verbose parsed url   pathname: 'stringstream@~0.0.4',
273 verbose parsed url   path: 'stringstream@~0.0.4',
273 verbose parsed url   href: 'stringstream@~0.0.4' }
274 verbose cache add name="stringstream" spec="~0.0.4" args=["stringstream","~0.0.4"]
275 verbose parsed url { protocol: null,
275 verbose parsed url   slashes: null,
275 verbose parsed url   auth: null,
275 verbose parsed url   host: null,
275 verbose parsed url   port: null,
275 verbose parsed url   hostname: null,
275 verbose parsed url   hash: null,
275 verbose parsed url   search: null,
275 verbose parsed url   query: null,
275 verbose parsed url   pathname: '~0.0.4',
275 verbose parsed url   path: '~0.0.4',
275 verbose parsed url   href: '~0.0.4' }
276 verbose addNamed [ 'stringstream', '~0.0.4' ]
277 verbose addNamed [ null, '>=0.0.4-0 <0.1.0-0' ]
278 silly lockFile 3b47e33b-stringstream-0-0-4 stringstream@~0.0.4
279 verbose lock stringstream@~0.0.4 /Users/fbsc/.npm/3b47e33b-stringstream-0-0-4.lock
280 silly addNameRange { name: 'json-stringify-safe',
280 silly addNameRange   range: '>=5.0.0-0 <5.1.0-0',
280 silly addNameRange   hasData: false }
281 silly addNameRange { name: 'mime-types',
281 silly addNameRange   range: '>=2.0.1-0 <2.1.0-0',
281 silly addNameRange   hasData: false }
282 silly addNameRange { name: 'node-uuid',
282 silly addNameRange   range: '>=1.4.0-0 <1.5.0-0',
282 silly addNameRange   hasData: false }
283 silly addNameRange { name: 'qs', range: '>=2.3.1-0 <2.4.0-0', hasData: false }
284 verbose cache add [ 'combined-stream@~0.0.5', null ]
285 verbose cache add name=undefined spec="combined-stream@~0.0.5" args=["combined-stream@~0.0.5",null]
286 verbose parsed url { protocol: null,
286 verbose parsed url   slashes: null,
286 verbose parsed url   auth: null,
286 verbose parsed url   host: null,
286 verbose parsed url   port: null,
286 verbose parsed url   hostname: null,
286 verbose parsed url   hash: null,
286 verbose parsed url   search: null,
286 verbose parsed url   query: null,
286 verbose parsed url   pathname: 'combined-stream@~0.0.5',
286 verbose parsed url   path: 'combined-stream@~0.0.5',
286 verbose parsed url   href: 'combined-stream@~0.0.5' }
287 verbose cache add name="combined-stream" spec="~0.0.5" args=["combined-stream","~0.0.5"]
288 verbose parsed url { protocol: null,
288 verbose parsed url   slashes: null,
288 verbose parsed url   auth: null,
288 verbose parsed url   host: null,
288 verbose parsed url   port: null,
288 verbose parsed url   hostname: null,
288 verbose parsed url   hash: null,
288 verbose parsed url   search: null,
288 verbose parsed url   query: null,
288 verbose parsed url   pathname: '~0.0.5',
288 verbose parsed url   path: '~0.0.5',
288 verbose parsed url   href: '~0.0.5' }
289 verbose addNamed [ 'combined-stream', '~0.0.5' ]
290 verbose addNamed [ null, '>=0.0.5-0 <0.1.0-0' ]
291 silly lockFile c9d459d1-combined-stream-0-0-5 combined-stream@~0.0.5
292 verbose lock combined-stream@~0.0.5 /Users/fbsc/.npm/c9d459d1-combined-stream-0-0-5.lock
293 verbose cache add [ 'isstream@~0.1.1', null ]
294 verbose cache add name=undefined spec="isstream@~0.1.1" args=["isstream@~0.1.1",null]
295 verbose parsed url { protocol: null,
295 verbose parsed url   slashes: null,
295 verbose parsed url   auth: null,
295 verbose parsed url   host: null,
295 verbose parsed url   port: null,
295 verbose parsed url   hostname: null,
295 verbose parsed url   hash: null,
295 verbose parsed url   search: null,
295 verbose parsed url   query: null,
295 verbose parsed url   pathname: 'isstream@~0.1.1',
295 verbose parsed url   path: 'isstream@~0.1.1',
295 verbose parsed url   href: 'isstream@~0.1.1' }
296 verbose cache add name="isstream" spec="~0.1.1" args=["isstream","~0.1.1"]
297 verbose parsed url { protocol: null,
297 verbose parsed url   slashes: null,
297 verbose parsed url   auth: null,
297 verbose parsed url   host: null,
297 verbose parsed url   port: null,
297 verbose parsed url   hostname: null,
297 verbose parsed url   hash: null,
297 verbose parsed url   search: null,
297 verbose parsed url   query: null,
297 verbose parsed url   pathname: '~0.1.1',
297 verbose parsed url   path: '~0.1.1',
297 verbose parsed url   href: '~0.1.1' }
298 verbose addNamed [ 'isstream', '~0.1.1' ]
299 verbose addNamed [ null, '>=0.1.1-0 <0.2.0-0' ]
300 silly lockFile 67d67e56-isstream-0-1-1 isstream@~0.1.1
301 verbose lock isstream@~0.1.1 /Users/fbsc/.npm/67d67e56-isstream-0-1-1.lock
302 verbose cache add [ 'bl@~0.9.0', null ]
303 verbose cache add name=undefined spec="bl@~0.9.0" args=["bl@~0.9.0",null]
304 verbose parsed url { protocol: null,
304 verbose parsed url   slashes: null,
304 verbose parsed url   auth: null,
304 verbose parsed url   host: null,
304 verbose parsed url   port: null,
304 verbose parsed url   hostname: null,
304 verbose parsed url   hash: null,
304 verbose parsed url   search: null,
304 verbose parsed url   query: null,
304 verbose parsed url   pathname: 'bl@~0.9.0',
304 verbose parsed url   path: 'bl@~0.9.0',
304 verbose parsed url   href: 'bl@~0.9.0' }
305 verbose cache add name="bl" spec="~0.9.0" args=["bl","~0.9.0"]
306 verbose parsed url { protocol: null,
306 verbose parsed url   slashes: null,
306 verbose parsed url   auth: null,
306 verbose parsed url   host: null,
306 verbose parsed url   port: null,
306 verbose parsed url   hostname: null,
306 verbose parsed url   hash: null,
306 verbose parsed url   search: null,
306 verbose parsed url   query: null,
306 verbose parsed url   pathname: '~0.9.0',
306 verbose parsed url   path: '~0.9.0',
306 verbose parsed url   href: '~0.9.0' }
307 verbose addNamed [ 'bl', '~0.9.0' ]
308 verbose addNamed [ null, '>=0.9.0-0 <0.10.0-0' ]
309 silly lockFile d3ba3adc-bl-0-9-0 bl@~0.9.0
310 verbose lock bl@~0.9.0 /Users/fbsc/.npm/d3ba3adc-bl-0-9-0.lock
311 verbose cache add [ 'caseless@~0.9.0', null ]
312 verbose cache add name=undefined spec="caseless@~0.9.0" args=["caseless@~0.9.0",null]
313 verbose parsed url { protocol: null,
313 verbose parsed url   slashes: null,
313 verbose parsed url   auth: null,
313 verbose parsed url   host: null,
313 verbose parsed url   port: null,
313 verbose parsed url   hostname: null,
313 verbose parsed url   hash: null,
313 verbose parsed url   search: null,
313 verbose parsed url   query: null,
313 verbose parsed url   pathname: 'caseless@~0.9.0',
313 verbose parsed url   path: 'caseless@~0.9.0',
313 verbose parsed url   href: 'caseless@~0.9.0' }
314 verbose cache add name="caseless" spec="~0.9.0" args=["caseless","~0.9.0"]
315 verbose parsed url { protocol: null,
315 verbose parsed url   slashes: null,
315 verbose parsed url   auth: null,
315 verbose parsed url   host: null,
315 verbose parsed url   port: null,
315 verbose parsed url   hostname: null,
315 verbose parsed url   hash: null,
315 verbose parsed url   search: null,
315 verbose parsed url   query: null,
315 verbose parsed url   pathname: '~0.9.0',
315 verbose parsed url   path: '~0.9.0',
315 verbose parsed url   href: '~0.9.0' }
316 verbose addNamed [ 'caseless', '~0.9.0' ]
317 verbose addNamed [ null, '>=0.9.0-0 <0.10.0-0' ]
318 silly lockFile bfd1d45a-caseless-0-9-0 caseless@~0.9.0
319 verbose lock caseless@~0.9.0 /Users/fbsc/.npm/bfd1d45a-caseless-0-9-0.lock
320 silly addNameRange { name: 'tunnel-agent',
320 silly addNameRange   range: '>=0.4.0-0 <0.5.0-0',
320 silly addNameRange   hasData: false }
321 silly addNameRange { name: 'tough-cookie', range: '>=0.12.0', hasData: false }
322 silly addNameRange { name: 'http-signature',
322 silly addNameRange   range: '>=0.10.0-0 <0.11.0-0',
322 silly addNameRange   hasData: false }
323 silly addNameRange { name: 'oauth-sign',
323 silly addNameRange   range: '>=0.6.0-0 <0.7.0-0',
323 silly addNameRange   hasData: false }
324 silly addNameRange { name: 'hawk', range: '>=2.3.0-0 <2.4.0-0', hasData: false }
325 silly addNameRange { name: 'aws-sign2',
325 silly addNameRange   range: '>=0.5.0-0 <0.6.0-0',
325 silly addNameRange   hasData: false }
326 silly addNameRange { name: 'stringstream',
326 silly addNameRange   range: '>=0.0.4-0 <0.1.0-0',
326 silly addNameRange   hasData: false }
327 silly addNameRange { name: 'combined-stream',
327 silly addNameRange   range: '>=0.0.5-0 <0.1.0-0',
327 silly addNameRange   hasData: false }
328 silly addNameRange { name: 'isstream', range: '>=0.1.1-0 <0.2.0-0', hasData: false }
329 silly addNameRange { name: 'bl', range: '>=0.9.0-0 <0.10.0-0', hasData: false }
330 silly addNameRange { name: 'caseless',
330 silly addNameRange   range: '>=0.9.0-0 <0.10.0-0',
330 silly addNameRange   hasData: false }
331 verbose url raw forever-agent
332 verbose url resolving [ 'https://registry.npmjs.org/', './forever-agent' ]
333 verbose url resolved https://registry.npmjs.org/forever-agent
334 info trying registry request attempt 1 at 15:20:22
335 verbose etag "B8UL48EGJ1FGNRDQLX3TBAPTS"
336 http GET https://registry.npmjs.org/forever-agent
337 verbose url raw form-data
338 verbose url resolving [ 'https://registry.npmjs.org/', './form-data' ]
339 verbose url resolved https://registry.npmjs.org/form-data
340 info trying registry request attempt 1 at 15:20:22
341 verbose etag "91EIWGI6Z3WJ4E2SZY1JR5OBD"
342 http GET https://registry.npmjs.org/form-data
343 verbose url raw json-stringify-safe
344 verbose url resolving [ 'https://registry.npmjs.org/', './json-stringify-safe' ]
345 verbose url resolved https://registry.npmjs.org/json-stringify-safe
346 info trying registry request attempt 1 at 15:20:22
347 verbose etag "4YZGEE6H8OESB1MW3244HGKI8"
348 http GET https://registry.npmjs.org/json-stringify-safe
349 verbose url raw mime-types
350 verbose url resolving [ 'https://registry.npmjs.org/', './mime-types' ]
351 verbose url resolved https://registry.npmjs.org/mime-types
352 info trying registry request attempt 1 at 15:20:22
353 verbose etag "2UD29WV4CCDKNAMXCAH2CZH9M"
354 http GET https://registry.npmjs.org/mime-types
355 verbose url raw node-uuid
356 verbose url resolving [ 'https://registry.npmjs.org/', './node-uuid' ]
357 verbose url resolved https://registry.npmjs.org/node-uuid
358 info trying registry request attempt 1 at 15:20:22
359 verbose etag "6TRTCGAW431FHEH2B01IXRITN"
360 http GET https://registry.npmjs.org/node-uuid
361 verbose url raw qs
362 verbose url resolving [ 'https://registry.npmjs.org/', './qs' ]
363 verbose url resolved https://registry.npmjs.org/qs
364 info trying registry request attempt 1 at 15:20:22
365 verbose etag "BQ7Z620Y133X38HBO8OVC3NQE"
366 http GET https://registry.npmjs.org/qs
367 verbose url raw tunnel-agent
368 verbose url resolving [ 'https://registry.npmjs.org/', './tunnel-agent' ]
369 verbose url resolved https://registry.npmjs.org/tunnel-agent
370 info trying registry request attempt 1 at 15:20:22
371 verbose etag "A0PR2KI9ZFG7ALAX15TNHE80V"
372 http GET https://registry.npmjs.org/tunnel-agent
373 verbose url raw http-signature
374 verbose url resolving [ 'https://registry.npmjs.org/', './http-signature' ]
375 verbose url resolved https://registry.npmjs.org/http-signature
376 info trying registry request attempt 1 at 15:20:22
377 verbose etag "96AX45M1VMTICR72GDJYGHQ11"
378 http GET https://registry.npmjs.org/http-signature
379 verbose url raw oauth-sign
380 verbose url resolving [ 'https://registry.npmjs.org/', './oauth-sign' ]
381 verbose url resolved https://registry.npmjs.org/oauth-sign
382 info trying registry request attempt 1 at 15:20:22
383 verbose etag "2WFOXR2LI6R0FUE8CI1UHZTN4"
384 http GET https://registry.npmjs.org/oauth-sign
385 verbose url raw tough-cookie
386 verbose url resolving [ 'https://registry.npmjs.org/', './tough-cookie' ]
387 verbose url resolved https://registry.npmjs.org/tough-cookie
388 info trying registry request attempt 1 at 15:20:22
389 verbose etag "20D31KSHNB2KEGGSKTZXCKKEA"
390 http GET https://registry.npmjs.org/tough-cookie
391 verbose url raw aws-sign2
392 verbose url resolving [ 'https://registry.npmjs.org/', './aws-sign2' ]
393 verbose url resolved https://registry.npmjs.org/aws-sign2
394 info trying registry request attempt 1 at 15:20:22
395 verbose etag "77UTUEWZP9JOTXY7N5GC34AZF"
396 http GET https://registry.npmjs.org/aws-sign2
397 verbose url raw hawk
398 verbose url resolving [ 'https://registry.npmjs.org/', './hawk' ]
399 verbose url resolved https://registry.npmjs.org/hawk
400 info trying registry request attempt 1 at 15:20:22
401 verbose etag "1Y2WJ6SJ4IUSJL6WFP4AXZU5T"
402 http GET https://registry.npmjs.org/hawk
403 verbose url raw stringstream
404 verbose url resolving [ 'https://registry.npmjs.org/', './stringstream' ]
405 verbose url resolved https://registry.npmjs.org/stringstream
406 info trying registry request attempt 1 at 15:20:22
407 verbose etag "94592EEG2SF9H78JE4ETM0S7W"
408 http GET https://registry.npmjs.org/stringstream
409 verbose url raw combined-stream
410 verbose url resolving [ 'https://registry.npmjs.org/', './combined-stream' ]
411 verbose url resolved https://registry.npmjs.org/combined-stream
412 info trying registry request attempt 1 at 15:20:22
413 verbose etag "DSXMS5AR6F3F7589ELVTOO6PH"
414 http GET https://registry.npmjs.org/combined-stream
415 verbose url raw isstream
416 verbose url resolving [ 'https://registry.npmjs.org/', './isstream' ]
417 verbose url resolved https://registry.npmjs.org/isstream
418 info trying registry request attempt 1 at 15:20:22
419 verbose etag "E4U8SUCKSKM10MS28MFTOVC6N"
420 http GET https://registry.npmjs.org/isstream
421 verbose url raw bl
422 verbose url resolving [ 'https://registry.npmjs.org/', './bl' ]
423 verbose url resolved https://registry.npmjs.org/bl
424 info trying registry request attempt 1 at 15:20:22
425 verbose etag "EZ0Z43YY57S03GVTMK2L5LWDO"
426 http GET https://registry.npmjs.org/bl
427 verbose url raw caseless
428 verbose url resolving [ 'https://registry.npmjs.org/', './caseless' ]
429 verbose url resolved https://registry.npmjs.org/caseless
430 info trying registry request attempt 1 at 15:20:22
431 verbose etag "BENJ3TBXFWPW6LYUZGHI9QOMY"
432 http GET https://registry.npmjs.org/caseless
433 http 304 https://registry.npmjs.org/vary
434 silly registry.get cb [ 304,
434 silly registry.get   { date: 'Fri, 20 Mar 2015 15:20:22 GMT',
434 silly registry.get     server: 'Apache',
434 silly registry.get     via: '1.1 varnish',
434 silly registry.get     'last-modified': 'Fri, 20 Mar 2015 15:20:22 GMT',
434 silly registry.get     'cache-control': 'max-age=60',
434 silly registry.get     etag: '"82C8BQ32VW3XZ8BHZ48ACKMY0"',
434 silly registry.get     age: '31',
434 silly registry.get     'x-served-by': 'cache-lhr6321-LHR',
434 silly registry.get     'x-cache': 'HIT',
434 silly registry.get     'x-cache-hits': '1',
434 silly registry.get     'x-timer': 'S1426864822.413921,VS0,VE0',
434 silly registry.get     vary: 'Accept',
434 silly registry.get     'content-length': '0',
434 silly registry.get     'keep-alive': 'timeout=10, max=50',
434 silly registry.get     connection: 'Keep-Alive' } ]
435 verbose etag vary from cache
436 silly lockFile 78aa9a33-vary-1 vary@^1
437 silly lockFile 78aa9a33-vary-1 vary@^1
438 verbose about to build /Users/fbsc/Sites/tensiometro/server/node_modules/cors
439 info /Users/fbsc/Sites/tensiometro/server/node_modules/cors unbuild
440 info preuninstall cors@2.5.3
441 info uninstall cors@2.5.3
442 verbose true,/Users/fbsc/Sites/tensiometro/server/node_modules,/Users/fbsc/Sites/tensiometro/server/node_modules unbuild cors@2.5.3
443 info postuninstall cors@2.5.3
444 error Error: No compatible version found: vary@'^1'
444 error Valid install targets:
444 error ["0.0.0","0.1.0","1.0.0"]
444 error     at installTargetsError (/usr/local/lib/node_modules/npm/lib/cache.js:719:10)
444 error     at /usr/local/lib/node_modules/npm/lib/cache.js:638:10
444 error     at saved (/usr/local/lib/node_modules/npm/node_modules/npm-registry-client/lib/get.js:142:7)
444 error     at /usr/local/lib/node_modules/npm/node_modules/graceful-fs/polyfills.js:133:7
444 error     at Object.oncomplete (fs.js:107:15)
445 error If you need help, you may report this log at:
445 error     <http://github.com/isaacs/npm/issues>
445 error or email it to:
445 error     <npm-@googlegroups.com>
446 error System Darwin 14.1.0
447 error command "node" "/usr/local/bin/npm" "install"
448 error cwd /Users/fbsc/Sites/tensiometro/server
449 error node -v v0.10.15
450 error npm -v 1.3.5
451 verbose exit [ 1, true ]
